!SESSION 2016-11-04 11:56:42.433 -----------------------------------------------
eclipse.buildId=unknown
java.version=1.8.0_111
java.vendor=Oracle Corporation
BootLoader constants: OS=linux, ARCH=x86_64, WS=gtk, NL=en_IN

!ENTRY org.eclipse.smarthome.core.thing 4 0 2016-11-04 11:56:42.433
!MESSAGE FrameworkEvent ERROR
!STACK 0
java.lang.NullPointerException
	at org.eclipse.smarthome.core.thing.internal.ThingManager.initializeHandler(ThingManager.java:745)
	at org.eclipse.smarthome.core.thing.internal.ThingManager.initializeHandler(ThingManager.java:655)
	at org.eclipse.smarthome.core.thing.internal.ThingManager.handlerAdded(ThingManager.java:284)
	at org.eclipse.smarthome.core.thing.internal.ThingManager$ThingHandlerTracker.addingService(ThingManager.java:121)
	at org.eclipse.smarthome.core.thing.internal.ThingManager$ThingHandlerTracker.addingService(ThingManager.java:1)
	at org.osgi.util.tracker.ServiceTracker$Tracked.customizerAdding(ServiceTracker.java:941)
	at org.osgi.util.tracker.ServiceTracker$Tracked.customizerAdding(ServiceTracker.java:870)
	at org.osgi.util.tracker.AbstractTracked.trackAdding(AbstractTracked.java:256)
	at org.osgi.util.tracker.AbstractTracked.track(AbstractTracked.java:229)
	at org.osgi.util.tracker.ServiceTracker$Tracked.serviceChanged(ServiceTracker.java:901)
	at org.eclipse.osgi.internal.serviceregistry.FilteredServiceListener.serviceChanged(FilteredServiceListener.java:109)
	at org.eclipse.osgi.internal.framework.BundleContextImpl.dispatchEvent(BundleContextImpl.java:914)
	at org.eclipse.osgi.framework.eventmgr.EventManager.dispatchEvent(EventManager.java:230)
	at org.eclipse.osgi.framework.eventmgr.ListenerQueue.dispatchEventSynchronous(ListenerQueue.java:148)
	at org.eclipse.osgi.internal.serviceregistry.ServiceRegistry.publishServiceEventPrivileged(ServiceRegistry.java:862)
	at org.eclipse.osgi.internal.serviceregistry.ServiceRegistry.publishServiceEvent(ServiceRegistry.java:801)
	at org.eclipse.osgi.internal.serviceregistry.ServiceRegistrationImpl.register(ServiceRegistrationImpl.java:127)
	at org.eclipse.osgi.internal.serviceregistry.ServiceRegistry.registerService(ServiceRegistry.java:225)
	at org.eclipse.osgi.internal.framework.BundleContextImpl.registerService(BundleContextImpl.java:464)
	at org.eclipse.osgi.internal.framework.BundleContextImpl.registerService(BundleContextImpl.java:482)
	at org.eclipse.smarthome.core.thing.binding.BaseThingHandlerFactory.registerThingHandlerAsService(BaseThingHandlerFactory.java:167)
	at org.eclipse.smarthome.core.thing.binding.BaseThingHandlerFactory.registerHandler(BaseThingHandlerFactory.java:145)
	at org.eclipse.smarthome.core.thing.internal.ThingManager$7.call(ThingManager.java:628)
	at org.eclipse.smarthome.core.thing.internal.ThingManager$7.call(ThingManager.java:1)
	at org.eclipse.smarthome.core.common.SafeMethodCaller$CallableWrapper.call(SafeMethodCaller.java:177)
	at java.util.concurrent.FutureTask.run(FutureTask.java:266)
	at java.util.concurrent.ThreadPoolExecutor.runWorker(ThreadPoolExecutor.java:1142)
	at java.util.concurrent.ThreadPoolExecutor$Worker.run(ThreadPoolExecutor.java:617)
	at java.lang.Thread.run(Thread.java:745)

!ENTRY org.openhab.persistence.logging 4 0 2016-11-04 11:56:43.374
!MESSAGE FrameworkEvent ERROR
!STACK 0
org.osgi.framework.BundleException: Could not resolve module: org.openhab.persistence.logging [205]
  Unresolved requirement: Import-Package: ch.qos.logback.classic

	at org.eclipse.osgi.container.Module.start(Module.java:434)
	at org.eclipse.osgi.container.ModuleContainer$ContainerStartLevel.incStartLevel(ModuleContainer.java:1582)
	at org.eclipse.osgi.container.ModuleContainer$ContainerStartLevel.incStartLevel(ModuleContainer.java:1562)
	at org.eclipse.osgi.container.ModuleContainer$ContainerStartLevel.doContainerStartLevel(ModuleContainer.java:1533)
	at org.eclipse.osgi.container.ModuleContainer$ContainerStartLevel.dispatchEvent(ModuleContainer.java:1476)
	at org.eclipse.osgi.container.ModuleContainer$ContainerStartLevel.dispatchEvent(ModuleContainer.java:1)
	at org.eclipse.osgi.framework.eventmgr.EventManager.dispatchEvent(EventManager.java:230)
	at org.eclipse.osgi.framework.eventmgr.EventManager$EventThread.run(EventManager.java:340)
